#
# There is insufficient memory for the Java Runtime Environment to continue.
# Native memory allocation (malloc) failed to allocate 79968 bytes for Chunk::new
# Possible reasons:
#   The system is out of physical RAM or swap space
#   The process is running with CompressedOops enabled, and the Java Heap may be blocking the growth of the native heap
# Possible solutions:
#   Reduce memory load on the system
#   Increase physical memory or swap space
#   Check if swap backing store is full
#   Decrease Java heap size (-Xmx/-Xms)
#   Decrease number of Java threads
#   Decrease Java thread stack sizes (-Xss)
#   Set larger code cache with -XX:ReservedCodeCacheSize=
#   JVM is running with Unscaled Compressed Oops mode in which the Java heap is
#     placed in the first 4GB address space. The Java Heap base address is the
#     maximum limit for the native heap growth. Please use -XX:HeapBaseMinAddress
#     to set the Java Heap base and to place the Java Heap above 4GB virtual address.
# This output file may be truncated or incomplete.
#
#  Out of Memory Error (arena.cpp:189), pid=14040, tid=8792
#
# JRE version: OpenJDK Runtime Environment Temurin-17.0.7+7 (17.0.7+7) (build 17.0.7+7)
# Java VM: OpenJDK 64-Bit Server VM Temurin-17.0.7+7 (17.0.7+7, mixed mode, tiered, compressed oops, compressed class ptrs, g1 gc, windows-amd64)
# No core dump will be written. Minidumps are not enabled by default on client versions of Windows
#

---------------  S U M M A R Y ------------

Command Line: -Dfile.encoding=UTF-8 -XX:+ShowCodeDetailsInExceptionMessages facgenieapp.LoginLogout

Host: Intel(R) Core(TM) i5-2430M CPU @ 2.40GHz, 4 cores, 3G,  Windows 10 , 64 bit Build 19041 (10.0.19041.3155)
Time: Wed Sep 13 14:47:55 2023 India Standard Time elapsed time: 157.977076 seconds (0d 0h 2m 37s)

---------------  T H R E A D  ---------------

Current thread (0x000001aa78beb320):  JavaThread "C2 CompilerThread0" daemon [_thread_in_native, id=8792, stack(0x0000005859200000,0x0000005859300000)]


Current CompileTask:
C2: 157977 2820       4       io.github.bonigarcia.wdm.config.Config::resolver (61 bytes)

Stack: [0x0000005859200000,0x0000005859300000]
Native frames: (J=compiled Java code, j=interpreted, Vv=VM code, C=native code)
V  [jvm.dll+0x67754a]
V  [jvm.dll+0x834304]
V  [jvm.dll+0x835aae]
V  [jvm.dll+0x836113]
V  [jvm.dll+0x24696f]
V  [jvm.dll+0xac0ac]
V  [jvm.dll+0xac67c]
V  [jvm.dll+0x795584]
V  [jvm.dll+0x57b4d3]
V  [jvm.dll+0x579074]
V  [jvm.dll+0x578d1d]
V  [jvm.dll+0x578c00]
V  [jvm.dll+0x578d89]
V  [jvm.dll+0x578d89]
V  [jvm.dll+0x578d89]
V  [jvm.dll+0x578d89]
V  [jvm.dll+0x578d89]
V  [jvm.dll+0x578d89]
V  [jvm.dll+0x578d89]
V  [jvm.dll+0x578d89]
V  [jvm.dll+0x578d89]
V  [jvm.dll+0x578d89]
V  [jvm.dll+0x578d89]
V  [jvm.dll+0x578d89]
V  [jvm.dll+0x578d89]
V  [jvm.dll+0x578d89]
V  [jvm.dll+0x578d89]
V  [jvm.dll+0x578d89]
V  [jvm.dll+0x578d89]
V  [jvm.dll+0x580924]
V  [jvm.dll+0x221e72]
V  [jvm.dll+0x22224f]
V  [jvm.dll+0x21b4a5]
V  [jvm.dll+0x21895b]
V  [jvm.dll+0x1a4d8d]
V  [jvm.dll+0x2284da]
V  [jvm.dll+0x226615]
V  [jvm.dll+0x7ea90b]
V  [jvm.dll+0x7e4e7a]
V  [jvm.dll+0x676395]
C  [ucrtbase.dll+0x21bb2]
C  [KERNEL32.DLL+0x17614]
C  [ntdll.dll+0x526b1]


---------------  P R O C E S S  ---------------

Threads class SMR info:
_java_thread_list=0x000001aa78b47c30, length=12, elements={
0x000001aa6e93e410, 0x000001aa78bb93e0, 0x000001aa78bbb620, 0x000001aa78be0290,
0x000001aa78be1e50, 0x000001aa78be4910, 0x000001aa78be6200, 0x000001aa78beb320,
0x000001aa78bec560, 0x000001aa78bf3ef0, 0x000001aa7d13e920, 0x000001aa7d151ec0
}

Java Threads: ( => current thread )
  0x000001aa6e93e410 JavaThread "main" [_thread_in_native, id=9112, stack(0x0000005858500000,0x0000005858600000)]
  0x000001aa78bb93e0 JavaThread "Reference Handler" daemon [_thread_blocked, id=16224, stack(0x0000005858c00000,0x0000005858d00000)]
  0x000001aa78bbb620 JavaThread "Finalizer" daemon [_thread_blocked, id=15700, stack(0x0000005858d00000,0x0000005858e00000)]
  0x000001aa78be0290 JavaThread "Signal Dispatcher" daemon [_thread_blocked, id=2124, stack(0x0000005858e00000,0x0000005858f00000)]
  0x000001aa78be1e50 JavaThread "Attach Listener" daemon [_thread_blocked, id=3268, stack(0x0000005858f00000,0x0000005859000000)]
  0x000001aa78be4910 JavaThread "Service Thread" daemon [_thread_blocked, id=13552, stack(0x0000005859000000,0x0000005859100000)]
  0x000001aa78be6200 JavaThread "Monitor Deflation Thread" daemon [_thread_blocked, id=5104, stack(0x0000005859100000,0x0000005859200000)]
=>0x000001aa78beb320 JavaThread "C2 CompilerThread0" daemon [_thread_in_native, id=8792, stack(0x0000005859200000,0x0000005859300000)]
  0x000001aa78bec560 JavaThread "C1 CompilerThread0" daemon [_thread_blocked, id=16192, stack(0x0000005859300000,0x0000005859400000)]
  0x000001aa78bf3ef0 JavaThread "Sweeper thread" daemon [_thread_blocked, id=15832, stack(0x0000005859400000,0x0000005859500000)]
  0x000001aa7d13e920 JavaThread "Notification Thread" daemon [_thread_blocked, id=16156, stack(0x0000005859500000,0x0000005859600000)]
  0x000001aa7d151ec0 JavaThread "Common-Cleaner" daemon [_thread_blocked, id=15840, stack(0x0000005859700000,0x0000005859800000)]

Other Threads:
  0x000001aa70b4e240 VMThread "VM Thread" [stack: 0x0000005858b00000,0x0000005858c00000] [id=16040]
  0x000001aa7d141210 WatcherThread [stack: 0x0000005859600000,0x0000005859700000] [id=10868]
  0x000001aa70acb160 GCTaskThread "GC Thread#0" [stack: 0x0000005858600000,0x0000005858700000] [id=13360]
  0x000001aa7d89b870 GCTaskThread "GC Thread#1" [stack: 0x0000005859800000,0x0000005859900000] [id=11880]
  0x000001aa7db44fd0 GCTaskThread "GC Thread#2" [stack: 0x0000005859900000,0x0000005859a00000] [id=13792]
  0x000001aa7db45280 GCTaskThread "GC Thread#3" [stack: 0x0000005859a00000,0x0000005859b00000] [id=16252]
  0x000001aa70ad3f30 ConcurrentGCThread "G1 Main Marker" [stack: 0x0000005858700000,0x0000005858800000] [id=8568]
  0x000001aa70ad5220 ConcurrentGCThread "G1 Conc#0" [stack: 0x0000005858800000,0x0000005858900000] [id=16304]
  0x000001aa70b24490 ConcurrentGCThread "G1 Refine#0" [stack: 0x0000005858900000,0x0000005858a00000] [id=15152]
  0x000001aa0f158010 ConcurrentGCThread "G1 Refine#1" [stack: 0x0000005859e00000,0x0000005859f00000] [id=2472]
  0x000001aa7e432350 ConcurrentGCThread "G1 Refine#2" [stack: 0x0000005858300000,0x0000005858400000] [id=12136]
  0x000001aa7e22e380 ConcurrentGCThread "G1 Refine#3" [stack: 0x0000005858400000,0x0000005858500000] [id=15008]
  0x000001aa70b24eb0 ConcurrentGCThread "G1 Service" [stack: 0x0000005858a00000,0x0000005858b00000] [id=2304]

Threads with active compile tasks:
C2 CompilerThread0   158096 2820       4       io.github.bonigarcia.wdm.config.Config::resolver (61 bytes)

VM state: not at safepoint (normal execution)

VM Mutex/Monitor currently owned by a thread: None

Heap address: 0x00000000c0c00000, size: 1012 MB, Compressed Oops mode: 32-bit

CDS archive(s) not mapped
Compressed class space mapped at: 0x0000000100000000-0x0000000140000000, reserved size: 1073741824
Narrow klass base: 0x0000000000000000, Narrow klass shift: 3, Narrow klass range: 0x140000000

GC Precious Log:
 CPUs: 4 total, 4 available
 Memory: 4043M
 Large Page Support: Disabled
 NUMA Support: Disabled
 Compressed Oops: Enabled (32-bit)
 Heap Region Size: 1M
 Heap Min Capacity: 8M
 Heap Initial Capacity: 64M
 Heap Max Capacity: 1012M
 Pre-touch: Disabled
 Parallel Workers: 4
 Concurrent Workers: 1
 Concurrent Refinement Workers: 4
 Periodic GC: Disabled

Heap:
 garbage-first heap   total 89088K, used 26669K [0x00000000c0c00000, 0x0000000100000000)
  region size 1024K, 6 young (6144K), 1 survivors (1024K)
 Metaspace       used 21993K, committed 22208K, reserved 1114112K
  class space    used 2187K, committed 2304K, reserved 1048576K

Heap Regions: E=young(eden), S=young(survivor), O=old, HS=humongous(starts), HC=humongous(continues), CS=collection set, F=free, OA=open archive, CA=closed archive, TAMS=top-at-mark-start (previous, next)
|   0|0x00000000c0c00000, 0x00000000c0d00000, 0x00000000c0d00000|100%|HS|  |TAMS 0x00000000c0d00000, 0x00000000c0c00000| Complete 
|   1|0x00000000c0d00000, 0x00000000c0e00000, 0x00000000c0e00000|100%|HS|  |TAMS 0x00000000c0e00000, 0x00000000c0d00000| Complete 
|   2|0x00000000c0e00000, 0x00000000c0f00000, 0x00000000c0f00000|100%|HC|  |TAMS 0x00000000c0f00000, 0x00000000c0e00000| Complete 
|   3|0x00000000c0f00000, 0x00000000c1000000, 0x00000000c1000000|100%|HS|  |TAMS 0x00000000c1000000, 0x00000000c0f00000| Complete 
|   4|0x00000000c1000000, 0x00000000c1100000, 0x00000000c1100000|100%| O|  |TAMS 0x00000000c1100000, 0x00000000c1000000| Untracked 
|   5|0x00000000c1100000, 0x00000000c1200000, 0x00000000c1200000|100%| O|  |TAMS 0x00000000c1200000, 0x00000000c1100000| Untracked 
|   6|0x00000000c1200000, 0x00000000c1300000, 0x00000000c1300000|100%| O|  |TAMS 0x00000000c1300000, 0x00000000c1200000| Untracked 
|   7|0x00000000c1300000, 0x00000000c1400000, 0x00000000c1400000|100%| O|  |TAMS 0x00000000c1400000, 0x00000000c1300000| Untracked 
|   8|0x00000000c1400000, 0x00000000c1500000, 0x00000000c1500000|100%| O|  |TAMS 0x00000000c1500000, 0x00000000c1400000| Untracked 
|   9|0x00000000c1500000, 0x00000000c1600000, 0x00000000c1600000|100%| O|  |TAMS 0x00000000c1600000, 0x00000000c1500000| Untracked 
|  10|0x00000000c1600000, 0x00000000c1700000, 0x00000000c1700000|100%| O|  |TAMS 0x00000000c1700000, 0x00000000c1600000| Untracked 
|  11|0x00000000c1700000, 0x00000000c1700000, 0x00000000c1800000|  0%| F|  |TAMS 0x00000000c1700000, 0x00000000c1700000| Untracked 
|  12|0x00000000c1800000, 0x00000000c1900000, 0x00000000c1900000|100%| O|  |TAMS 0x00000000c1900000, 0x00000000c1800000| Untracked 
|  13|0x00000000c1900000, 0x00000000c1907200, 0x00000000c1a00000|  2%| O|  |TAMS 0x00000000c1907200, 0x00000000c1900000| Complete 
|  14|0x00000000c1a00000, 0x00000000c1b00000, 0x00000000c1b00000|100%| O|  |TAMS 0x00000000c1b00000, 0x00000000c1a00000| Untracked 
|  15|0x00000000c1b00000, 0x00000000c1b00000, 0x00000000c1c00000|  0%| F|  |TAMS 0x00000000c1b00000, 0x00000000c1b00000| Untracked 
|  16|0x00000000c1c00000, 0x00000000c1c00000, 0x00000000c1d00000|  0%| F|  |TAMS 0x00000000c1c00000, 0x00000000c1c00000| Untracked 
|  17|0x00000000c1d00000, 0x00000000c1d00000, 0x00000000c1e00000|  0%| F|  |TAMS 0x00000000c1d00000, 0x00000000c1d00000| Untracked 
|  18|0x00000000c1e00000, 0x00000000c1e00000, 0x00000000c1f00000|  0%| F|  |TAMS 0x00000000c1e00000, 0x00000000c1e00000| Untracked 
|  19|0x00000000c1f00000, 0x00000000c1f00000, 0x00000000c2000000|  0%| F|  |TAMS 0x00000000c1f00000, 0x00000000c1f00000| Untracked 
|  20|0x00000000c2000000, 0x00000000c2000000, 0x00000000c2100000|  0%| F|  |TAMS 0x00000000c2000000, 0x00000000c2000000| Untracked 
|  21|0x00000000c2100000, 0x00000000c2100000, 0x00000000c2200000|  0%| F|  |TAMS 0x00000000c2100000, 0x00000000c2100000| Untracked 
|  22|0x00000000c2200000, 0x00000000c2300000, 0x00000000c2300000|100%| O|  |TAMS 0x00000000c2300000, 0x00000000c2200000| Untracked 
|  23|0x00000000c2300000, 0x00000000c2400000, 0x00000000c2400000|100%| O|  |TAMS 0x00000000c2400000, 0x00000000c2300000| Untracked 
|  24|0x00000000c2400000, 0x00000000c2500000, 0x00000000c2500000|100%| O|  |TAMS 0x00000000c2500000, 0x00000000c2400000| Untracked 
|  25|0x00000000c2500000, 0x00000000c2500000, 0x00000000c2600000|  0%| F|  |TAMS 0x00000000c2500000, 0x00000000c2500000| Untracked 
|  26|0x00000000c2600000, 0x00000000c2600000, 0x00000000c2700000|  0%| F|  |TAMS 0x00000000c2600000, 0x00000000c2600000| Untracked 
|  27|0x00000000c2700000, 0x00000000c2700000, 0x00000000c2800000|  0%| F|  |TAMS 0x00000000c2700000, 0x00000000c2700000| Untracked 
|  28|0x00000000c2800000, 0x00000000c2800000, 0x00000000c2900000|  0%| F|  |TAMS 0x00000000c2800000, 0x00000000c2800000| Untracked 
|  29|0x00000000c2900000, 0x00000000c2a00000, 0x00000000c2a00000|100%| O|  |TAMS 0x00000000c2a00000, 0x00000000c2900000| Complete 
|  30|0x00000000c2a00000, 0x00000000c2b00000, 0x00000000c2b00000|100%| O|  |TAMS 0x00000000c2b00000, 0x00000000c2a00000| Untracked 
|  31|0x00000000c2b00000, 0x00000000c2b00000, 0x00000000c2c00000|  0%| F|  |TAMS 0x00000000c2b00000, 0x00000000c2b00000| Untracked 
|  32|0x00000000c2c00000, 0x00000000c2c00000, 0x00000000c2d00000|  0%| F|  |TAMS 0x00000000c2c00000, 0x00000000c2c00000| Untracked 
|  33|0x00000000c2d00000, 0x00000000c2e00000, 0x00000000c2e00000|100%| O|  |TAMS 0x00000000c2e00000, 0x00000000c2d00000| Untracked 
|  34|0x00000000c2e00000, 0x00000000c2f00000, 0x00000000c2f00000|100%| O|  |TAMS 0x00000000c2f00000, 0x00000000c2e00000| Untracked 
|  35|0x00000000c2f00000, 0x00000000c2f00000, 0x00000000c3000000|  0%| F|  |TAMS 0x00000000c2f00000, 0x00000000c2f00000| Untracked 
|  36|0x00000000c3000000, 0x00000000c3000000, 0x00000000c3100000|  0%| F|  |TAMS 0x00000000c3000000, 0x00000000c3000000| Untracked 
|  37|0x00000000c3100000, 0x00000000c3200000, 0x00000000c3200000|100%| O|  |TAMS 0x00000000c3200000, 0x00000000c3100000| Untracked 
|  38|0x00000000c3200000, 0x00000000c3200000, 0x00000000c3300000|  0%| F|  |TAMS 0x00000000c3200000, 0x00000000c3200000| Untracked 
|  39|0x00000000c3300000, 0x00000000c3400000, 0x00000000c3400000|100%| O|  |TAMS 0x00000000c3400000, 0x00000000c3300000| Untracked 
|  40|0x00000000c3400000, 0x00000000c34044d8, 0x00000000c3500000|  1%| S|CS|TAMS 0x00000000c3400000, 0x00000000c3400000| Complete 
|  41|0x00000000c3500000, 0x00000000c3500000, 0x00000000c3600000|  0%| F|  |TAMS 0x00000000c3500000, 0x00000000c3500000| Untracked 
|  42|0x00000000c3600000, 0x00000000c3600000, 0x00000000c3700000|  0%| F|  |TAMS 0x00000000c3600000, 0x00000000c3600000| Untracked 
|  43|0x00000000c3700000, 0x00000000c3700000, 0x00000000c3800000|  0%| F|  |TAMS 0x00000000c3700000, 0x00000000c3700000| Untracked 
|  44|0x00000000c3800000, 0x00000000c3800000, 0x00000000c3900000|  0%| F|  |TAMS 0x00000000c3800000, 0x00000000c3800000| Untracked 
|  45|0x00000000c3900000, 0x00000000c3900000, 0x00000000c3a00000|  0%| F|  |TAMS 0x00000000c3900000, 0x00000000c3900000| Untracked 
|  46|0x00000000c3a00000, 0x00000000c3a00000, 0x00000000c3b00000|  0%| F|  |TAMS 0x00000000c3a00000, 0x00000000c3a00000| Untracked 
|  47|0x00000000c3b00000, 0x00000000c3b00000, 0x00000000c3c00000|  0%| F|  |TAMS 0x00000000c3b00000, 0x00000000c3b00000| Untracked 
|  48|0x00000000c3c00000, 0x00000000c3c00000, 0x00000000c3d00000|  0%| F|  |TAMS 0x00000000c3c00000, 0x00000000c3c00000| Untracked 
|  49|0x00000000c3d00000, 0x00000000c3d00000, 0x00000000c3e00000|  0%| F|  |TAMS 0x00000000c3d00000, 0x00000000c3d00000| Untracked 
|  50|0x00000000c3e00000, 0x00000000c3e00000, 0x00000000c3f00000|  0%| F|  |TAMS 0x00000000c3e00000, 0x00000000c3e00000| Untracked 
|  51|0x00000000c3f00000, 0x00000000c3f00000, 0x00000000c4000000|  0%| F|  |TAMS 0x00000000c3f00000, 0x00000000c3f00000| Untracked 
|  52|0x00000000c4000000, 0x00000000c4000000, 0x00000000c4100000|  0%| F|  |TAMS 0x00000000c4000000, 0x00000000c4000000| Untracked 
|  53|0x00000000c4100000, 0x00000000c4100000, 0x00000000c4200000|  0%| F|  |TAMS 0x00000000c4100000, 0x00000000c4100000| Untracked 
|  54|0x00000000c4200000, 0x00000000c4200000, 0x00000000c4300000|  0%| F|  |TAMS 0x00000000c4200000, 0x00000000c4200000| Untracked 
|  55|0x00000000c4300000, 0x00000000c4300000, 0x00000000c4400000|  0%| F|  |TAMS 0x00000000c4300000, 0x00000000c4300000| Untracked 
|  56|0x00000000c4400000, 0x00000000c4400000, 0x00000000c4500000|  0%| F|  |TAMS 0x00000000c4400000, 0x00000000c4400000| Untracked 
|  57|0x00000000c4500000, 0x00000000c4500000, 0x00000000c4600000|  0%| F|  |TAMS 0x00000000c4500000, 0x00000000c4500000| Untracked 
|  58|0x00000000c4600000, 0x00000000c4600000, 0x00000000c4700000|  0%| F|  |TAMS 0x00000000c4600000, 0x00000000c4600000| Untracked 
|  59|0x00000000c4700000, 0x00000000c4700000, 0x00000000c4800000|  0%| F|  |TAMS 0x00000000c4700000, 0x00000000c4700000| Untracked 
|  60|0x00000000c4800000, 0x00000000c4800000, 0x00000000c4900000|  0%| F|  |TAMS 0x00000000c4800000, 0x00000000c4800000| Untracked 
|  61|0x00000000c4900000, 0x00000000c4900000, 0x00000000c4a00000|  0%| F|  |TAMS 0x00000000c4900000, 0x00000000c4900000| Untracked 
|  62|0x00000000c4a00000, 0x00000000c4a00000, 0x00000000c4b00000|  0%| F|  |TAMS 0x00000000c4a00000, 0x00000000c4a00000| Untracked 
|  63|0x00000000c4b00000, 0x00000000c4b00000, 0x00000000c4c00000|  0%| F|  |TAMS 0x00000000c4b00000, 0x00000000c4b00000| Untracked 
|  64|0x00000000c4c00000, 0x00000000c4c00000, 0x00000000c4d00000|  0%| F|  |TAMS 0x00000000c4c00000, 0x00000000c4c00000| Untracked 
|  65|0x00000000c4d00000, 0x00000000c4d00000, 0x00000000c4e00000|  0%| F|  |TAMS 0x00000000c4d00000, 0x00000000c4d00000| Untracked 
|  66|0x00000000c4e00000, 0x00000000c4e00000, 0x00000000c4f00000|  0%| F|  |TAMS 0x00000000c4e00000, 0x00000000c4e00000| Untracked 
|  67|0x00000000c4f00000, 0x00000000c4f00000, 0x00000000c5000000|  0%| F|  |TAMS 0x00000000c4f00000, 0x00000000c4f00000| Untracked 
|  68|0x00000000c5000000, 0x00000000c5000000, 0x00000000c5100000|  0%| F|  |TAMS 0x00000000c5000000, 0x00000000c5000000| Untracked 
|  69|0x00000000c5100000, 0x00000000c5100000, 0x00000000c5200000|  0%| F|  |TAMS 0x00000000c5100000, 0x00000000c5100000| Untracked 
|  70|0x00000000c5200000, 0x00000000c5200000, 0x00000000c5300000|  0%| F|  |TAMS 0x00000000c5200000, 0x00000000c5200000| Untracked 
|  71|0x00000000c5300000, 0x00000000c5300000, 0x00000000c5400000|  0%| F|  |TAMS 0x00000000c5300000, 0x00000000c5300000| Untracked 
|  72|0x00000000c5400000, 0x00000000c5400000, 0x00000000c5500000|  0%| F|  |TAMS 0x00000000c5400000, 0x00000000c5400000| Untracked 
|  73|0x00000000c5500000, 0x00000000c5500000, 0x00000000c5600000|  0%| F|  |TAMS 0x00000000c5500000, 0x00000000c5500000| Untracked 
|  74|0x00000000c5600000, 0x00000000c5600000, 0x00000000c5700000|  0%| F|  |TAMS 0x00000000c5600000, 0x00000000c5600000| Untracked 
|  75|0x00000000c5700000, 0x00000000c5700000, 0x00000000c5800000|  0%| F|  |TAMS 0x00000000c5700000, 0x00000000c5700000| Untracked 
|  76|0x00000000c5800000, 0x00000000c5800000, 0x00000000c5900000|  0%| F|  |TAMS 0x00000000c5800000, 0x00000000c5800000| Untracked 
|  77|0x00000000c5900000, 0x00000000c5900000, 0x00000000c5a00000|  0%| F|  |TAMS 0x00000000c5900000, 0x00000000c5900000| Untracked 
|  78|0x00000000c5a00000, 0x00000000c5a00000, 0x00000000c5b00000|  0%| F|  |TAMS 0x00000000c5a00000, 0x00000000c5a00000| Untracked 
|  79|0x00000000c5b00000, 0x00000000c5b00000, 0x00000000c5c00000|  0%| F|  |TAMS 0x00000000c5b00000, 0x00000000c5b00000| Untracked 
|  80|0x00000000c5c00000, 0x00000000c5c00000, 0x00000000c5d00000|  0%| F|  |TAMS 0x00000000c5c00000, 0x00000000c5c00000| Untracked 
|  81|0x00000000c5d00000, 0x00000000c5d80800, 0x00000000c5e00000| 50%| E|  |TAMS 0x00000000c5d00000, 0x00000000c5d00000| Complete 
|  82|0x00000000c5e00000, 0x00000000c5f00000, 0x00000000c5f00000|100%| E|CS|TAMS 0x00000000c5e00000, 0x00000000c5e00000| Complete 
|  83|0x00000000c5f00000, 0x00000000c6000000, 0x00000000c6000000|100%| E|CS|TAMS 0x00000000c5f00000, 0x00000000c5f00000| Complete 
|  84|0x00000000c6000000, 0x00000000c6100000, 0x00000000c6100000|100%| E|CS|TAMS 0x00000000c6000000, 0x00000000c6000000| Complete 
| 186|0x00000000cc600000, 0x00000000cc700000, 0x00000000cc700000|100%| E|CS|TAMS 0x00000000cc600000, 0x00000000cc600000| Complete 
| 187|0x00000000cc700000, 0x00000000cc800000, 0x00000000cc800000|100%| E|CS|TAMS 0x00000000cc700000, 0x00000000cc700000| Complete 

Card table byte_map: [0x000001aa74340000,0x000001aa74540000] _byte_map_base: 0x000001aa73d3a000

Marking Bits (Prev, Next): (CMBitMap*) 0x000001aa70acb770, (CMBitMap*) 0x000001aa70acb7b0
 Prev Bits: [0x000001aa74740000, 0x000001aa75710000)
 Next Bits: [0x000001aa75710000, 0x000001aa766e0000)

Polling page: 0x000001aa70250000

Metaspace:

Usage:
  Non-class:     19.34 MB used.
      Class:      2.14 MB used.
       Both:     21.48 MB used.

Virtual space:
  Non-class space:       64.00 MB reserved,      19.44 MB ( 30%) committed,  1 nodes.
      Class space:        1.00 GB reserved,       2.25 MB ( <1%) committed,  1 nodes.
             Both:        1.06 GB reserved,      21.69 MB (  2%) committed. 

Chunk freelists:
   Non-Class:  12.44 MB
       Class:  13.74 MB
        Both:  26.18 MB

MaxMetaspaceSize: unlimited
CompressedClassSpaceSize: 1.00 GB
Initial GC threshold: 21.00 MB
Current GC threshold: 36.19 MB
CDS: off
MetaspaceReclaimPolicy: balanced
 - commit_granule_bytes: 65536.
 - commit_granule_words: 8192.
 - virtual_space_node_default_size: 8388608.
 - enlarge_chunks_in_place: 1.
 - new_chunks_are_fully_committed: 0.
 - uncommit_free_chunks: 1.
 - use_allocation_guard: 0.
 - handle_deallocations: 1.


Internal statistics:

num_allocs_failed_limit: 3.
num_arena_births: 104.
num_arena_deaths: 0.
num_vsnodes_births: 2.
num_vsnodes_deaths: 0.
num_space_committed: 347.
num_space_uncommitted: 0.
num_chunks_returned_to_freelist: 3.
num_chunks_taken_from_freelist: 297.
num_chunk_merges: 0.
num_chunk_splits: 172.
num_chunks_enlarged: 115.
num_inconsistent_stats: 0.

CodeHeap 'non-profiled nmethods': size=120000Kb used=1820Kb max_used=1820Kb free=118179Kb
 bounds [0x000001aa07ad0000, 0x000001aa07d40000, 0x000001aa0f000000]
CodeHeap 'profiled nmethods': size=120000Kb used=5822Kb max_used=5822Kb free=114177Kb
 bounds [0x000001aa00000000, 0x000001aa005b0000, 0x000001aa07530000]
CodeHeap 'non-nmethods': size=5760Kb used=1216Kb max_used=1260Kb free=4543Kb
 bounds [0x000001aa07530000, 0x000001aa077a0000, 0x000001aa07ad0000]
 total_blobs=3330 nmethods=2811 adapters=431
 compilation: enabled
              stopped_count=0, restarted_count=0
 full_count=0

Compilation events (20 events):
Event: 157.226 Thread 0x000001aa78beb320 nmethod 2814 0x000001aa07c8dd90 code [0x000001aa07c8df40, 0x000001aa07c8e0b8]
Event: 157.226 Thread 0x000001aa78beb320 2801       4       java.util.Collections$SetFromMap::remove (19 bytes)
Event: 157.252 Thread 0x000001aa78beb320 nmethod 2801 0x000001aa07c8e310 code [0x000001aa07c8e4c0, 0x000001aa07c8ee48]
Event: 157.252 Thread 0x000001aa78beb320 2807   !   4       java.util.regex.Pattern::matcher (44 bytes)
Event: 157.292 Thread 0x000001aa78beb320 nmethod 2807 0x000001aa07c8f310 code [0x000001aa07c8f4c0, 0x000001aa07c8fdd8]
Event: 157.293 Thread 0x000001aa78beb320 2808       4       java.util.regex.Matcher::<init> (95 bytes)
Event: 157.337 Thread 0x000001aa78beb320 nmethod 2808 0x000001aa07c90110 code [0x000001aa07c902c0, 0x000001aa07c90d58]
Event: 157.337 Thread 0x000001aa78beb320 2815       4       java.lang.AbstractStringBuilder::appendChars (130 bytes)
Event: 157.352 Thread 0x000001aa78beb320 nmethod 2815 0x000001aa07c91010 code [0x000001aa07c91180, 0x000001aa07c91418]
Event: 157.352 Thread 0x000001aa78beb320 2809       4       java.util.regex.Matcher::find (69 bytes)
Event: 157.354 Thread 0x000001aa78beb320 nmethod 2809 0x000001aa07c91590 code [0x000001aa07c91720, 0x000001aa07c91828]
Event: 157.354 Thread 0x000001aa78beb320 2806       4       java.util.ArrayList::grow (60 bytes)
Event: 157.365 Thread 0x000001aa78beb320 nmethod 2806 0x000001aa07c91910 code [0x000001aa07c91aa0, 0x000001aa07c920e8]
Event: 157.365 Thread 0x000001aa78beb320 2798       4       sun.net.www.protocol.jar.Handler::parseURL (173 bytes)
Event: 157.521 Thread 0x000001aa78beb320 nmethod 2798 0x000001aa07c92310 code [0x000001aa07c925a0, 0x000001aa07c948e8]
Event: 157.521 Thread 0x000001aa78beb320 2818       4       java.net.URLConnection::setUseCaches (10 bytes)
Event: 157.522 Thread 0x000001aa78beb320 nmethod 2818 0x000001aa07c95e10 code [0x000001aa07c95f80, 0x000001aa07c96018]
Event: 157.522 Thread 0x000001aa78beb320 2819   !   4       java.lang.String::replace (258 bytes)
Event: 157.569 Thread 0x000001aa78beb320 nmethod 2819 0x000001aa07c96110 code [0x000001aa07c962e0, 0x000001aa07c96bb8]
Event: 157.569 Thread 0x000001aa78beb320 2820       4       io.github.bonigarcia.wdm.config.Config::resolver (61 bytes)

GC Heap History (20 events):
Event: 152.657 GC heap before
{Heap before GC invocations=13 (full 0):
 garbage-first heap   total 137216K, used 73490K [0x00000000c0c00000, 0x0000000100000000)
  region size 1024K, 37 young (37888K), 2 survivors (2048K)
 Metaspace       used 21986K, committed 22208K, reserved 1114112K
  class space    used 2187K, committed 2304K, reserved 1048576K
}
Event: 152.684 GC heap after
{Heap after GC invocations=14 (full 0):
 garbage-first heap   total 137216K, used 40718K [0x00000000c0c00000, 0x0000000100000000)
  region size 1024K, 5 young (5120K), 5 survivors (5120K)
 Metaspace       used 21986K, committed 22208K, reserved 1114112K
  class space    used 2187K, committed 2304K, reserved 1048576K
}
Event: 152.715 GC heap before
{Heap before GC invocations=14 (full 0):
 garbage-first heap   total 137216K, used 41742K [0x00000000c0c00000, 0x0000000100000000)
  region size 1024K, 6 young (6144K), 5 survivors (5120K)
 Metaspace       used 21990K, committed 22208K, reserved 1114112K
  class space    used 2187K, committed 2304K, reserved 1048576K
}
Event: 152.734 GC heap after
{Heap after GC invocations=15 (full 0):
 garbage-first heap   total 137216K, used 40587K [0x00000000c0c00000, 0x0000000100000000)
  region size 1024K, 1 young (1024K), 1 survivors (1024K)
 Metaspace       used 21990K, committed 22208K, reserved 1114112K
  class space    used 2187K, committed 2304K, reserved 1048576K
}
Event: 153.619 GC heap before
{Heap before GC invocations=15 (full 0):
 garbage-first heap   total 137216K, used 79499K [0x00000000c0c00000, 0x0000000100000000)
  region size 1024K, 39 young (39936K), 1 survivors (1024K)
 Metaspace       used 21993K, committed 22208K, reserved 1114112K
  class space    used 2187K, committed 2304K, reserved 1048576K
}
Event: 153.620 GC heap after
{Heap after GC invocations=16 (full 0):
 garbage-first heap   total 137216K, used 40002K [0x00000000c0c00000, 0x0000000100000000)
  region size 1024K, 1 young (1024K), 1 survivors (1024K)
 Metaspace       used 21993K, committed 22208K, reserved 1114112K
  class space    used 2187K, committed 2304K, reserved 1048576K
}
Event: 154.723 GC heap before
{Heap before GC invocations=16 (full 0):
 garbage-first heap   total 137216K, used 96322K [0x00000000c0c00000, 0x0000000100000000)
  region size 1024K, 56 young (57344K), 1 survivors (1024K)
 Metaspace       used 21993K, committed 22208K, reserved 1114112K
  class space    used 2187K, committed 2304K, reserved 1048576K
}
Event: 154.725 GC heap after
{Heap after GC invocations=17 (full 0):
 garbage-first heap   total 137216K, used 39840K [0x00000000c0c00000, 0x0000000100000000)
  region size 1024K, 1 young (1024K), 1 survivors (1024K)
 Metaspace       used 21993K, committed 22208K, reserved 1114112K
  class space    used 2187K, committed 2304K, reserved 1048576K
}
Event: 155.706 GC heap before
{Heap before GC invocations=18 (full 0):
 garbage-first heap   total 102400K, used 88206K [0x00000000c0c00000, 0x0000000100000000)
  region size 1024K, 62 young (63488K), 1 survivors (1024K)
 Metaspace       used 21993K, committed 22208K, reserved 1114112K
  class space    used 2187K, committed 2304K, reserved 1048576K
}
Event: 155.707 GC heap after
{Heap after GC invocations=19 (full 0):
 garbage-first heap   total 102400K, used 25722K [0x00000000c0c00000, 0x0000000100000000)
  region size 1024K, 1 young (1024K), 1 survivors (1024K)
 Metaspace       used 21993K, committed 22208K, reserved 1114112K
  class space    used 2187K, committed 2304K, reserved 1048576K
}
Event: 155.786 GC heap before
{Heap before GC invocations=19 (full 0):
 garbage-first heap   total 102400K, used 29818K [0x00000000c0c00000, 0x0000000100000000)
  region size 1024K, 5 young (5120K), 1 survivors (1024K)
 Metaspace       used 21993K, committed 22208K, reserved 1114112K
  class space    used 2187K, committed 2304K, reserved 1048576K
}
Event: 155.788 GC heap after
{Heap after GC invocations=20 (full 0):
 garbage-first heap   total 102400K, used 22581K [0x00000000c0c00000, 0x0000000100000000)
  region size 1024K, 1 young (1024K), 1 survivors (1024K)
 Metaspace       used 21993K, committed 22208K, reserved 1114112K
  class space    used 2187K, committed 2304K, reserved 1048576K
}
Event: 156.509 GC heap before
{Heap before GC invocations=20 (full 0):
 garbage-first heap   total 102400K, used 75829K [0x00000000c0c00000, 0x0000000100000000)
  region size 1024K, 53 young (54272K), 1 survivors (1024K)
 Metaspace       used 21993K, committed 22208K, reserved 1114112K
  class space    used 2187K, committed 2304K, reserved 1048576K
}
Event: 156.511 GC heap after
{Heap after GC invocations=21 (full 0):
 garbage-first heap   total 102400K, used 22587K [0x00000000c0c00000, 0x0000000100000000)
  region size 1024K, 1 young (1024K), 1 survivors (1024K)
 Metaspace       used 21993K, committed 22208K, reserved 1114112K
  class space    used 2187K, committed 2304K, reserved 1048576K
}
Event: 157.257 GC heap before
{Heap before GC invocations=22 (full 0):
 garbage-first heap   total 96256K, used 78907K [0x00000000c0c00000, 0x0000000100000000)
  region size 1024K, 56 young (57344K), 1 survivors (1024K)
 Metaspace       used 21993K, committed 22208K, reserved 1114112K
  class space    used 2187K, committed 2304K, reserved 1048576K
}
Event: 157.258 GC heap after
{Heap after GC invocations=23 (full 0):
 garbage-first heap   total 96256K, used 22592K [0x00000000c0c00000, 0x0000000100000000)
  region size 1024K, 1 young (1024K), 1 survivors (1024K)
 Metaspace       used 21993K, committed 22208K, reserved 1114112K
  class space    used 2187K, committed 2304K, reserved 1048576K
}
Event: 157.298 GC heap before
{Heap before GC invocations=23 (full 0):
 garbage-first heap   total 96256K, used 25664K [0x00000000c0c00000, 0x0000000100000000)
  region size 1024K, 4 young (4096K), 1 survivors (1024K)
 Metaspace       used 21993K, committed 22208K, reserved 1114112K
  class space    used 2187K, committed 2304K, reserved 1048576K
}
Event: 157.300 GC heap after
{Heap after GC invocations=24 (full 0):
 garbage-first heap   total 96256K, used 22590K [0x00000000c0c00000, 0x0000000100000000)
  region size 1024K, 1 young (1024K), 1 survivors (1024K)
 Metaspace       used 21993K, committed 22208K, reserved 1114112K
  class space    used 2187K, committed 2304K, reserved 1048576K
}
Event: 157.955 GC heap before
{Heap before GC invocations=24 (full 0):
 garbage-first heap   total 96256K, used 75838K [0x00000000c0c00000, 0x0000000100000000)
  region size 1024K, 53 young (54272K), 1 survivors (1024K)
 Metaspace       used 21993K, committed 22208K, reserved 1114112K
  class space    used 2187K, committed 2304K, reserved 1048576K
}
Event: 157.958 GC heap after
{Heap after GC invocations=25 (full 0):
 garbage-first heap   total 192512K, used 22573K [0x00000000c0c00000, 0x0000000100000000)
  region size 1024K, 1 young (1024K), 1 survivors (1024K)
 Metaspace       used 21993K, committed 22208K, reserved 1114112K
  class space    used 2187K, committed 2304K, reserved 1048576K
}

Dll operation events (7 events):
Event: 0.032 Loaded shared library C:\Users\Admin\Downloads\eclipse\plugins\org.eclipse.justj.openjdk.hotspot.jre.full.win32.x86_64_17.0.7.v20230425-1502\jre\bin\java.dll
Event: 0.869 Loaded shared library C:\Users\Admin\Downloads\eclipse\plugins\org.eclipse.justj.openjdk.hotspot.jre.full.win32.x86_64_17.0.7.v20230425-1502\jre\bin\verify.dll
Event: 0.932 Loaded shared library C:\Users\Admin\Downloads\eclipse\plugins\org.eclipse.justj.openjdk.hotspot.jre.full.win32.x86_64_17.0.7.v20230425-1502\jre\bin\net.dll
Event: 0.946 Loaded shared library C:\Users\Admin\Downloads\eclipse\plugins\org.eclipse.justj.openjdk.hotspot.jre.full.win32.x86_64_17.0.7.v20230425-1502\jre\bin\nio.dll
Event: 1.006 Loaded shared library C:\Users\Admin\Downloads\eclipse\plugins\org.eclipse.justj.openjdk.hotspot.jre.full.win32.x86_64_17.0.7.v20230425-1502\jre\bin\zip.dll
Event: 1.704 Loaded shared library C:\Users\Admin\Downloads\eclipse\plugins\org.eclipse.justj.openjdk.hotspot.jre.full.win32.x86_64_17.0.7.v20230425-1502\jre\bin\jimage.dll
Event: 49.438 Loaded shared library C:\Users\Admin\Downloads\eclipse\plugins\org.eclipse.justj.openjdk.hotspot.jre.full.win32.x86_64_17.0.7.v20230425-1502\jre\bin\sunmscapi.dll

Deoptimization events (20 events):
Event: 153.591 Thread 0x000001aa6e93e410 DEOPT PACKING pc=0x000001aa0006c1c3 sp=0x00000058585fe820
Event: 153.591 Thread 0x000001aa6e93e410 DEOPT UNPACKING pc=0x000001aa07587143 sp=0x00000058585fdd40 mode 0
Event: 153.625 Thread 0x000001aa6e93e410 DEOPT PACKING pc=0x000001aa0006c1c3 sp=0x00000058585fe780
Event: 153.625 Thread 0x000001aa6e93e410 DEOPT UNPACKING pc=0x000001aa07587143 sp=0x00000058585fdca0 mode 0
Event: 153.655 Thread 0x000001aa6e93e410 DEOPT PACKING pc=0x000001aa0006c1c3 sp=0x00000058585fe780
Event: 153.655 Thread 0x000001aa6e93e410 DEOPT UNPACKING pc=0x000001aa07587143 sp=0x00000058585fdca0 mode 0
Event: 153.681 Thread 0x000001aa6e93e410 DEOPT PACKING pc=0x000001aa0006c1c3 sp=0x00000058585fe780
Event: 153.681 Thread 0x000001aa6e93e410 DEOPT UNPACKING pc=0x000001aa07587143 sp=0x00000058585fdca0 mode 0
Event: 153.691 Thread 0x000001aa6e93e410 DEOPT PACKING pc=0x000001aa0000c408 sp=0x00000058585fe810
Event: 153.691 Thread 0x000001aa6e93e410 DEOPT UNPACKING pc=0x000001aa07587143 sp=0x00000058585fdd18 mode 0
Event: 153.713 Thread 0x000001aa6e93e410 DEOPT PACKING pc=0x000001aa0006c1c3 sp=0x00000058585fe890
Event: 153.713 Thread 0x000001aa6e93e410 DEOPT UNPACKING pc=0x000001aa07587143 sp=0x00000058585fddb0 mode 0
Event: 153.741 Thread 0x000001aa6e93e410 DEOPT PACKING pc=0x000001aa0006c1c3 sp=0x00000058585fe890
Event: 153.741 Thread 0x000001aa6e93e410 DEOPT UNPACKING pc=0x000001aa07587143 sp=0x00000058585fddb0 mode 0
Event: 153.767 Thread 0x000001aa6e93e410 DEOPT PACKING pc=0x000001aa0006c1c3 sp=0x00000058585fe710
Event: 153.767 Thread 0x000001aa6e93e410 DEOPT UNPACKING pc=0x000001aa07587143 sp=0x00000058585fdc30 mode 0
Event: 153.816 Thread 0x000001aa6e93e410 DEOPT PACKING pc=0x000001aa0000c408 sp=0x00000058585fe7a0
Event: 153.816 Thread 0x000001aa6e93e410 DEOPT UNPACKING pc=0x000001aa07587143 sp=0x00000058585fdca8 mode 0
Event: 153.839 Thread 0x000001aa6e93e410 DEOPT PACKING pc=0x000001aa0006c1c3 sp=0x00000058585fe710
Event: 153.839 Thread 0x000001aa6e93e410 DEOPT UNPACKING pc=0x000001aa07587143 sp=0x00000058585fdc30 mode 0

Classes unloaded (0 events):
No events

Classes redefined (0 events):
No events

Internal exceptions (20 events):
Event: 47.377 Thread 0x000001aa6e93e410 Exception <a 'java/net/SocketException'{0x00000000c4094710}: Socket is not connected: shutdown> (0x00000000c4094710) 
thrown [s\src\hotspot\share\prims\jni.cpp, line 535]
Event: 47.432 Thread 0x000001aa6e93e410 Exception <a 'java/lang/NoSuchMethodError'{0x00000000c40f7738}: 'void java.lang.invoke.DirectMethodHandle$Holder.invokeInterface(java.lang.Object, java.lang.Object, java.lang.Object)'> (0x00000000c40f7738) 
thrown [s\src\hotspot\share\interpreter\linkResolver.cpp, line 759]
Event: 47.473 Thread 0x000001aa6e93e410 Exception <a 'java/lang/NoSuchMethodError'{0x00000000c3f045a8}: 'void java.lang.invoke.DirectMethodHandle$Holder.invokeStatic(java.lang.Object, long)'> (0x00000000c3f045a8) 
thrown [s\src\hotspot\share\interpreter\linkResolver.cpp, line 759]
Event: 47.476 Thread 0x000001aa6e93e410 Exception <a 'java/lang/NoSuchMethodError'{0x00000000c3f09f00}: 'java.lang.Object java.lang.invoke.DirectMethodHandle$Holder.newInvokeSpecial(java.lang.Object, long)'> (0x00000000c3f09f00) 
thrown [s\src\hotspot\share\interpreter\linkResolver.cpp, line 759]
Event: 47.482 Thread 0x000001aa6e93e410 Exception <a 'java/lang/NoSuchMethodError'{0x00000000c3f14b28}: 'java.lang.Object java.lang.invoke.DirectMethodHandle$Holder.invokeStaticInit(java.lang.Object, java.lang.Object, long, java.lang.Object)'> (0x00000000c3f14b28) 
thrown [s\src\hotspot\share\interpreter\linkResolver.cpp, line 759]
Event: 47.485 Thread 0x000001aa6e93e410 Exception <a 'java/lang/NoSuchMethodError'{0x00000000c3f1b1b0}: 'java.lang.Object java.lang.invoke.DirectMethodHandle$Holder.newInvokeSpecial(java.lang.Object, java.lang.Object, long)'> (0x00000000c3f1b1b0) 
thrown [s\src\hotspot\share\interpreter\linkResolver.cpp, line 759]
Event: 47.488 Thread 0x000001aa6e93e410 Exception <a 'java/lang/NoSuchMethodError'{0x00000000c3f1f4a0}: 'java.lang.Object java.lang.invoke.Invokers$Holder.linkToTargetMethod(java.lang.Object, long, java.lang.Object)'> (0x00000000c3f1f4a0) 
thrown [s\src\hotspot\share\interpreter\linkResolver.cpp, line 759]
Event: 82.039 Thread 0x000001aa6e93e410 Exception <a 'java/io/IOException'{0x00000000c4bf40e0}> (0x00000000c4bf40e0) 
thrown [s\src\hotspot\share\prims\jni.cpp, line 516]
Event: 115.177 Thread 0x000001aa6e93e410 Exception <a 'java/net/ConnectException'{0x00000000c4adf6a8}: Connection timed out: no further information> (0x00000000c4adf6a8) 
thrown [s\src\hotspot\share\prims\jni.cpp, line 535]
Event: 115.177 Thread 0x000001aa6e93e410 Exception <a 'java/net/SocketException'{0x00000000c4adfc88}: Socket is not connected: shutdown> (0x00000000c4adfc88) 
thrown [s\src\hotspot\share\prims\jni.cpp, line 535]
Event: 136.208 Thread 0x000001aa6e93e410 Exception <a 'java/net/ConnectException'{0x00000000c4ae0ee0}: Connection timed out: no further information> (0x00000000c4ae0ee0) 
thrown [s\src\hotspot\share\prims\jni.cpp, line 535]
Event: 136.209 Thread 0x000001aa6e93e410 Exception <a 'java/net/SocketException'{0x00000000c4ae14c0}: Socket is not connected: shutdown> (0x00000000c4ae14c0) 
thrown [s\src\hotspot\share\prims\jni.cpp, line 535]
Event: 136.337 Thread 0x000001aa6e93e410 Implicit null exception at 0x000001aa07b5a7ec to 0x000001aa07b5b1f8
Event: 136.338 Thread 0x000001aa6e93e410 Implicit null exception at 0x000001aa07b5a7ec to 0x000001aa07b5b1f8
Event: 136.338 Thread 0x000001aa6e93e410 Implicit null exception at 0x000001aa07b5a7ec to 0x000001aa07b5b1f8
Event: 136.338 Thread 0x000001aa6e93e410 Implicit null exception at 0x000001aa07b5a7ec to 0x000001aa07b5b1f8
Event: 151.005 Thread 0x000001aa6e93e410 Implicit null exception at 0x000001aa07b8c778 to 0x000001aa07b8f8c4
Event: 151.005 Thread 0x000001aa6e93e410 Implicit null exception at 0x000001aa07b77278 to 0x000001aa07b77524
Event: 151.311 Thread 0x000001aa6e93e410 Implicit null exception at 0x000001aa07bbdd5f to 0x000001aa07bbe594
Event: 151.312 Thread 0x000001aa6e93e410 Implicit null exception at 0x000001aa07bbc830 to 0x000001aa07bbc884

VM Operations (20 events):
Event: 154.778 Executing VM operation: G1Concurrent
Event: 154.783 Executing VM operation: G1Concurrent done
Event: 154.805 Executing VM operation: G1Concurrent
Event: 154.805 Executing VM operation: G1Concurrent done
Event: 155.706 Executing VM operation: G1CollectForAllocation
Event: 155.708 Executing VM operation: G1CollectForAllocation done
Event: 155.786 Executing VM operation: G1CollectForAllocation
Event: 155.788 Executing VM operation: G1CollectForAllocation done
Event: 156.509 Executing VM operation: G1CollectForAllocation
Event: 156.511 Executing VM operation: G1CollectForAllocation done
Event: 156.563 Executing VM operation: G1Concurrent
Event: 156.570 Executing VM operation: G1Concurrent done
Event: 156.592 Executing VM operation: G1Concurrent
Event: 156.592 Executing VM operation: G1Concurrent done
Event: 157.257 Executing VM operation: G1CollectForAllocation
Event: 157.258 Executing VM operation: G1CollectForAllocation done
Event: 157.298 Executing VM operation: G1CollectForAllocation
Event: 157.300 Executing VM operation: G1CollectForAllocation done
Event: 157.954 Executing VM operation: G1CollectForAllocation
Event: 157.958 Executing VM operation: G1CollectForAllocation done

Events (20 events):
Event: 65.613 loading class com/sun/org/apache/xerces/internal/dom/TextImpl done
Event: 65.613 loading class com/sun/org/apache/xerces/internal/dom/DeferredTextImpl done
Event: 65.614 loading class com/sun/org/apache/xerces/internal/dom/CharacterDataImpl$1
Event: 65.614 loading class com/sun/org/apache/xerces/internal/dom/CharacterDataImpl$1 done
Event: 65.614 loading class com/sun/org/apache/xml/internal/utils/XMLCharacterRecognizer
Event: 65.614 loading class com/sun/org/apache/xml/internal/utils/XMLCharacterRecognizer done
Event: 66.776 loading class com/sun/org/apache/xml/internal/dtm/ref/DTMNodeList
Event: 66.777 loading class com/sun/org/apache/xml/internal/dtm/ref/DTMNodeListBase
Event: 66.777 loading class com/sun/org/apache/xml/internal/dtm/ref/DTMNodeListBase done
Event: 66.777 loading class com/sun/org/apache/xml/internal/dtm/ref/DTMNodeList done
Event: 67.718 loading class java/io/FileReader
Event: 67.719 loading class java/io/FileReader done
Event: 67.753 loading class java/nio/file/TempFileHelper
Event: 67.753 loading class java/nio/file/TempFileHelper done
Event: 67.756 loading class sun/nio/fs/WindowsPath$1
Event: 67.759 loading class sun/nio/fs/WindowsPath$1 done
Event: 79.034 loading class java/util/concurrent/locks/AbstractQueuedSynchronizer$Node
Event: 79.034 loading class java/util/concurrent/locks/AbstractQueuedSynchronizer$Node done
Event: 147.715 loading class jdk/internal/access/foreign/MemorySegmentProxy
Event: 147.716 loading class jdk/internal/access/foreign/MemorySegmentProxy done


Dynamic libraries:
0x00007ff666720000 - 0x00007ff66672e000 	C:\Users\Admin\Downloads\eclipse\plugins\org.eclipse.justj.openjdk.hotspot.jre.full.win32.x86_64_17.0.7.v20230425-1502\jre\bin\javaw.exe
0x00007ffd6fb30000 - 0x00007ffd6fd28000 	C:\Windows\SYSTEM32\ntdll.dll
0x00007ffd6e060000 - 0x00007ffd6e11f000 	C:\Windows\System32\KERNEL32.DLL
0x00007ffd6d480000 - 0x00007ffd6d776000 	C:\Windows\System32\KERNELBASE.dll
0x00007ffd6da10000 - 0x00007ffd6db10000 	C:\Windows\System32\ucrtbase.dll
0x00007ffd67830000 - 0x00007ffd67847000 	C:\Users\Admin\Downloads\eclipse\plugins\org.eclipse.justj.openjdk.hotspot.jre.full.win32.x86_64_17.0.7.v20230425-1502\jre\bin\jli.dll
0x00007ffd6ebb0000 - 0x00007ffd6ed4d000 	C:\Windows\System32\USER32.dll
0x00007ffd6db10000 - 0x00007ffd6db32000 	C:\Windows\System32\win32u.dll
0x00007ffd6e5b0000 - 0x00007ffd6e5dc000 	C:\Windows\System32\GDI32.dll
0x00007ffd6d360000 - 0x00007ffd6d475000 	C:\Windows\System32\gdi32full.dll
0x00007ffd6d8e0000 - 0x00007ffd6d97d000 	C:\Windows\System32\msvcp_win.dll
0x00007ffd67810000 - 0x00007ffd67829000 	C:\Users\Admin\Downloads\eclipse\plugins\org.eclipse.justj.openjdk.hotspot.jre.full.win32.x86_64_17.0.7.v20230425-1502\jre\bin\VCRUNTIME140.dll
0x00007ffd5efe0000 - 0x00007ffd5f27a000 	C:\Windows\WinSxS\amd64_microsoft.windows.common-controls_6595b64144ccf1df_6.0.19041.1110_none_60b5254171f9507e\COMCTL32.dll
0x00007ffd6dbf0000 - 0x00007ffd6dc8e000 	C:\Windows\System32\msvcrt.dll
0x00007ffd6e1d0000 - 0x00007ffd6e200000 	C:\Windows\System32\IMM32.DLL
0x00007ffd67800000 - 0x00007ffd6780c000 	C:\Users\Admin\Downloads\eclipse\plugins\org.eclipse.justj.openjdk.hotspot.jre.full.win32.x86_64_17.0.7.v20230425-1502\jre\bin\vcruntime140_1.dll
0x00007ffd5a240000 - 0x00007ffd5a2d1000 	C:\Users\Admin\Downloads\eclipse\plugins\org.eclipse.justj.openjdk.hotspot.jre.full.win32.x86_64_17.0.7.v20230425-1502\jre\bin\msvcp140.dll
0x00007ffd3da70000 - 0x00007ffd3e6b8000 	C:\Users\Admin\Downloads\eclipse\plugins\org.eclipse.justj.openjdk.hotspot.jre.full.win32.x86_64_17.0.7.v20230425-1502\jre\bin\server\jvm.dll
0x00007ffd6e500000 - 0x00007ffd6e5af000 	C:\Windows\System32\ADVAPI32.dll
0x00007ffd6f670000 - 0x00007ffd6f70c000 	C:\Windows\System32\sechost.dll
0x00007ffd6e360000 - 0x00007ffd6e486000 	C:\Windows\System32\RPCRT4.dll
0x00007ffd51690000 - 0x00007ffd51699000 	C:\Windows\SYSTEM32\WSOCK32.dll
0x00007ffd6e5e0000 - 0x00007ffd6e64b000 	C:\Windows\System32\WS2_32.dll
0x00007ffd5a3f0000 - 0x00007ffd5a417000 	C:\Windows\SYSTEM32\WINMM.dll
0x00007ffd58550000 - 0x00007ffd5855a000 	C:\Windows\SYSTEM32\VERSION.dll
0x00007ffd6b0c0000 - 0x00007ffd6b0d2000 	C:\Windows\SYSTEM32\kernel.appcore.dll
0x00007ffd67650000 - 0x00007ffd6765a000 	C:\Users\Admin\Downloads\eclipse\plugins\org.eclipse.justj.openjdk.hotspot.jre.full.win32.x86_64_17.0.7.v20230425-1502\jre\bin\jimage.dll
0x00007ffd5b410000 - 0x00007ffd5b5f4000 	C:\Windows\SYSTEM32\DBGHELP.DLL
0x00007ffd5b300000 - 0x00007ffd5b334000 	C:\Windows\SYSTEM32\dbgcore.DLL
0x00007ffd6d980000 - 0x00007ffd6da02000 	C:\Windows\System32\bcryptPrimitives.dll
0x00007ffd5e170000 - 0x00007ffd5e195000 	C:\Users\Admin\Downloads\eclipse\plugins\org.eclipse.justj.openjdk.hotspot.jre.full.win32.x86_64_17.0.7.v20230425-1502\jre\bin\java.dll
0x00007ffd673e0000 - 0x00007ffd673f8000 	C:\Users\Admin\Downloads\eclipse\plugins\org.eclipse.justj.openjdk.hotspot.jre.full.win32.x86_64_17.0.7.v20230425-1502\jre\bin\zip.dll
0x00007ffd6ed70000 - 0x00007ffd6f4b4000 	C:\Windows\System32\SHELL32.dll
0x00007ffd6b2c0000 - 0x00007ffd6ba54000 	C:\Windows\SYSTEM32\windows.storage.dll
0x00007ffd6dcf0000 - 0x00007ffd6e044000 	C:\Windows\System32\combase.dll
0x00007ffd6cb80000 - 0x00007ffd6cbae000 	C:\Windows\SYSTEM32\Wldp.dll
0x00007ffd6e120000 - 0x00007ffd6e1cd000 	C:\Windows\System32\SHCORE.dll
0x00007ffd6e4a0000 - 0x00007ffd6e4f5000 	C:\Windows\System32\shlwapi.dll
0x00007ffd6d140000 - 0x00007ffd6d165000 	C:\Windows\SYSTEM32\profapi.dll
0x00007ffd673b0000 - 0x00007ffd673c0000 	C:\Users\Admin\Downloads\eclipse\plugins\org.eclipse.justj.openjdk.hotspot.jre.full.win32.x86_64_17.0.7.v20230425-1502\jre\bin\verify.dll
0x00007ffd66c30000 - 0x00007ffd66c49000 	C:\Users\Admin\Downloads\eclipse\plugins\org.eclipse.justj.openjdk.hotspot.jre.full.win32.x86_64_17.0.7.v20230425-1502\jre\bin\net.dll
0x00007ffd60810000 - 0x00007ffd6091a000 	C:\Windows\SYSTEM32\WINHTTP.dll
0x00007ffd6c8e0000 - 0x00007ffd6c94a000 	C:\Windows\system32\mswsock.dll
0x00007ffd5e710000 - 0x00007ffd5e725000 	C:\Users\Admin\Downloads\eclipse\plugins\org.eclipse.justj.openjdk.hotspot.jre.full.win32.x86_64_17.0.7.v20230425-1502\jre\bin\nio.dll
0x00007ffd6cad0000 - 0x00007ffd6cae8000 	C:\Windows\SYSTEM32\CRYPTSP.dll
0x00007ffd6c200000 - 0x00007ffd6c234000 	C:\Windows\system32\rsaenh.dll
0x00007ffd6d280000 - 0x00007ffd6d2a7000 	C:\Windows\System32\bcrypt.dll
0x00007ffd6d0c0000 - 0x00007ffd6d0ee000 	C:\Windows\SYSTEM32\USERENV.dll
0x00007ffd6caf0000 - 0x00007ffd6cafc000 	C:\Windows\SYSTEM32\CRYPTBASE.dll
0x00007ffd6c5d0000 - 0x00007ffd6c60c000 	C:\Windows\SYSTEM32\IPHLPAPI.DLL
0x00007ffd6e050000 - 0x00007ffd6e058000 	C:\Windows\System32\NSI.dll
0x00007ffd63900000 - 0x00007ffd63917000 	C:\Windows\SYSTEM32\dhcpcsvc6.DLL
0x00007ffd638e0000 - 0x00007ffd638fd000 	C:\Windows\SYSTEM32\dhcpcsvc.DLL
0x00007ffd6c610000 - 0x00007ffd6c6da000 	C:\Windows\SYSTEM32\DNSAPI.dll
0x00007ffd635f0000 - 0x00007ffd635fa000 	C:\Windows\System32\rasadhlp.dll
0x00007ffd5ffe0000 - 0x00007ffd60062000 	C:\Windows\System32\fwpuclnt.dll
0x00007ffd66c00000 - 0x00007ffd66c0e000 	C:\Users\Admin\Downloads\eclipse\plugins\org.eclipse.justj.openjdk.hotspot.jre.full.win32.x86_64_17.0.7.v20230425-1502\jre\bin\sunmscapi.dll
0x00007ffd6d780000 - 0x00007ffd6d8de000 	C:\Windows\System32\CRYPT32.dll
0x00007ffd6cbf0000 - 0x00007ffd6cc18000 	C:\Windows\SYSTEM32\ncrypt.dll
0x00007ffd6cbb0000 - 0x00007ffd6cbeb000 	C:\Windows\SYSTEM32\NTASN1.dll

dbghelp: loaded successfully - version: 4.0.5 - missing functions: none
symbol engine: initialized successfully - sym options: 0x614 - pdb path: .;C:\Users\Admin\Downloads\eclipse\plugins\org.eclipse.justj.openjdk.hotspot.jre.full.win32.x86_64_17.0.7.v20230425-1502\jre\bin;C:\Windows\SYSTEM32;C:\Windows\WinSxS\amd64_microsoft.windows.common-controls_6595b64144ccf1df_6.0.19041.1110_none_60b5254171f9507e;C:\Users\Admin\Downloads\eclipse\plugins\org.eclipse.justj.openjdk.hotspot.jre.full.win32.x86_64_17.0.7.v20230425-1502\jre\bin\server

VM Arguments:
jvm_args: -Dfile.encoding=UTF-8 -XX:+ShowCodeDetailsInExceptionMessages 
java_command: facgenieapp.LoginLogout
java_class_path (initial): D:\selenium notes\Selenium QCO-JSAJAD-M\facgenieapp\target\test-classes;D:\selenium notes\Selenium QCO-JSAJAD-M\facgenieapp\target\classes;D:\selenium notes\Selenium QCO-JSAJAD-M\facgenieapp\jars\POI\commons-compress-1.21.jar;D:\selenium notes\Selenium QCO-JSAJAD-M\facgenieapp\jars\POI\commons-logging-1.2.jar;D:\selenium notes\Selenium QCO-JSAJAD-M\facgenieapp\jars\POI\curvesapi-1.07.jar;D:\selenium notes\Selenium QCO-JSAJAD-M\facgenieapp\jars\POI\jakarta.activation-2.0.1.jar;D:\selenium notes\Selenium QCO-JSAJAD-M\facgenieapp\jars\POI\jakarta.xml.bind-api-3.0.1.jar;D:\selenium notes\Selenium QCO-JSAJAD-M\facgenieapp\jars\POI\poi-5.2.3.jar;D:\selenium notes\Selenium QCO-JSAJAD-M\facgenieapp\jars\POI\poi-examples-5.2.3.jar;D:\selenium notes\Selenium QCO-JSAJAD-M\facgenieapp\jars\POI\poi-excelant-5.2.3.jar;D:\selenium notes\Selenium QCO-JSAJAD-M\facgenieapp\jars\POI\poi-javadoc-5.2.3.jar;D:\selenium notes\Selenium QCO-JSAJAD-M\facgenieapp\jars\POI\poi-ooxml-5.2.3.jar;D:\selenium notes\Selenium QCO-JSAJAD-M\facgenieapp\jars\POI\poi-ooxml-full-5.2.3.jar;D:\selenium notes\Selenium QCO-JSAJAD-M\facgenieapp\jars\POI\poi-ooxml-lite-5.2.3.jar;D:\selenium notes\Selenium QCO-JSAJAD-M\facgenieapp\jars\POI\poi-scratchpad-5.2.3.jar;D:\selenium notes\Selenium QCO-JSAJAD-M\facgenieapp\jars\POI\slf4j-api-1.7.36.jar;D:\selenium notes\Selenium QCO-JSAJAD-M\facgenieapp\jars\POI\xmlbeans-5.1.1.jar;C:\Users\Admin\Downloads\eclipse\plugins\org.testng_7.3.0.r202008060316.jar;C:\Users\Admin\Downloads\eclipse\plugins\com.beust.jcommander_1.78.0.jar;C:\Users\Admin\Downloads\eclipse\plugins\org.apache-extras.beanshell.bsh_2.0.0.b6.jar;C:\Users\Admin\Downloads\eclipse\plugins\org.yaml.snakeyaml_1.27.0.v20221112-0806.jar;C:\Users\Admin\.m2\repository\io\github\bonigarcia\webdrivermanager\5.3.2\webdrivermanager-5.3.2.jar;C:\Users\Admin\.m2\repository\org\slf4j\slf4j-api\2.0.6\slf4j-api-2.0.6.jar;C:\Users\Admin\.m2\repository\com\google\code\gson\gson\2.10.1\gson-2.10.
Launcher Type: SUN_STANDARD

[Global flags]
     intx CICompilerCount                          = 3                                         {product} {ergonomic}
     uint ConcGCThreads                            = 1                                         {product} {ergonomic}
     uint G1ConcRefinementThreads                  = 4                                         {product} {ergonomic}
   size_t G1HeapRegionSize                         = 1048576                                   {product} {ergonomic}
    uintx GCDrainStackTargetSize                   = 64                                        {product} {ergonomic}
   size_t InitialHeapSize                          = 67108864                                  {product} {ergonomic}
   size_t MarkStackSize                            = 4194304                                   {product} {ergonomic}
   size_t MaxHeapSize                              = 1061158912                                {product} {ergonomic}
   size_t MaxNewSize                               = 636485632                                 {product} {ergonomic}
   size_t MinHeapDeltaBytes                        = 1048576                                   {product} {ergonomic}
   size_t MinHeapSize                              = 8388608                                   {product} {ergonomic}
    uintx NonNMethodCodeHeapSize                   = 5832780                                {pd product} {ergonomic}
    uintx NonProfiledCodeHeapSize                  = 122912730                              {pd product} {ergonomic}
    uintx ProfiledCodeHeapSize                     = 122912730                              {pd product} {ergonomic}
    uintx ReservedCodeCacheSize                    = 251658240                              {pd product} {ergonomic}
     bool SegmentedCodeCache                       = true                                      {product} {ergonomic}
     bool ShowCodeDetailsInExceptionMessages       = true                                   {manageable} {command line}
   size_t SoftMaxHeapSize                          = 1061158912                             {manageable} {ergonomic}
     bool UseCompressedClassPointers               = true                           {product lp64_product} {ergonomic}
     bool UseCompressedOops                        = true                           {product lp64_product} {ergonomic}
     bool UseG1GC                                  = true                                      {product} {ergonomic}
     bool UseLargePagesIndividualAllocation        = false                                  {pd product} {ergonomic}

Logging:
Log output configuration:
 #0: stdout all=warning uptime,level,tags
 #1: stderr all=off uptime,level,tags

Environment Variables:
PATH=C:/Users/Admin/Downloads/eclipse//plugins/org.eclipse.justj.openjdk.hotspot.jre.full.win32.x86_64_17.0.7.v20230425-1502/jre/bin/server;C:/Users/Admin/Downloads/eclipse//plugins/org.eclipse.justj.openjdk.hotspot.jre.full.win32.x86_64_17.0.7.v20230425-1502/jre/bin;C:\Python311\Scripts\;C:\Python311\;C:\Program Files (x86)\VMware\VMware Player\bin\;D:\oracle\product\10.2.0\db_1\bin;C:\Program Files\Common Files\Oracle\Java\javapath;C:\Windows\system32;C:\Windows;C:\Windows\System32\Wbem;C:\Windows\System32\WindowsPowerShell\v1.0\;C:\Windows\System32\OpenSSH\;C:\ProgramData\chocolatey\bin;D:\android studio sdk\sdk;D:\android studio sdk\sdk\platform-tools;D:\android studio sdk\sdk\tools\lib\x86_64;D:\android studio sdk\sdk\tools;C:\Program Files\MySQL\MySQL Server 8.0\bin;C:\Users\Admin\Downloads\apache-maven-3.9.3-bin\apache-maven-3.9.3\bin;D:\API TESTING\;C:\Program Files\Git\cmd;C:\Program Files\Java\jdk-17;C:\Program Files\MySQL\MySQL Shell 8.0\bin\;C:\Users\Admin\AppData\Local\Microsoft\WindowsApps;C:\Users\Admin\AppData\Roaming\npm;C:\Users\Admin\Downloads\eclipse;
USERNAME=Admin
OS=Windows_NT
PROCESSOR_IDENTIFIER=Intel64 Family 6 Model 42 Stepping 7, GenuineIntel
TMP=C:\Users\Admin\AppData\Local\Temp
TEMP=C:\Users\Admin\AppData\Local\Temp



---------------  S Y S T E M  ---------------

OS:
 Windows 10 , 64 bit Build 19041 (10.0.19041.3155)
OS uptime: 0 days 2:18 hours

CPU: total 4 (initial active 4) (2 cores per cpu, 2 threads per core) family 6 model 42 stepping 7 microcode 0x2f, cx8, cmov, fxsr, ht, mmx, sse, sse2, sse3, ssse3, sse4.1, sse4.2, popcnt, tsc, tscinvbit, avx, aes, clmul, vzeroupper, clflush

Memory: 4k page, system-wide physical 4043M (340M free)
TotalPageFile size 9330M (AvailPageFile size 1M)
current process WorkingSet (physical memory assigned to process): 156M, peak: 179M
current process commit charge ("private bytes"): 306M, peak: 306M

vm_info: OpenJDK 64-Bit Server VM (17.0.7+7) for windows-amd64 JRE (17.0.7+7), built on Apr 18 2023 22:10:42 by "temurin" with MS VC++ 16.7 (VS2019)

END.
